2020.11.02 15:15:25 INFO  started: Metals version 0.9.4 in workspace 'C:\Users\TURNTABL\Documents\dev\scala' for client vscode.
2020.11.02 15:15:27 INFO  time: initialize in 2.42s
2020.11.02 15:15:29 WARN  no build tool detected in workspace 'C:\Users\TURNTABL\Documents\dev\scala'. The most common cause for this problem is that the editor was opened in the wrong working directory, for example if you use sbt then the workspace directory should contain build.sbt. 
2020.11.02 15:15:41 INFO  no build target: using presentation compiler with only scala-library
2020.11.02 15:15:41 WARN  no build target for: C:\Users\TURNTABL\Documents\dev\scala\hello.scala
2020.11.02 15:15:41 WARN  no build target for: C:\Users\TURNTABL\Documents\dev\scala\scriptUnix.scala
2020.11.02 15:15:41 WARN  no build target for: C:\Users\TURNTABL\Documents\dev\scala\scriptUnix.scala
Nov 02, 2020 3:15:42 PM org.eclipse.lsp4j.jsonrpc.RemoteEndpoint handleCancellation
WARNING: Unmatched cancel notification for request id 5
Nov 02, 2020 3:15:42 PM org.eclipse.lsp4j.jsonrpc.RemoteEndpoint handleCancellation
WARNING: Unmatched cancel notification for request id 7
2020.11.02 15:15:41 WARN  no build target for: C:\Users\TURNTABL\Documents\dev\scala\scriptUnix.scala
2020.11.02 15:15:46 WARN  no build target for: C:\Users\TURNTABL\Documents\dev\scala\scriptUnix.scala
2020.11.02 15:15:51 WARN  no build target for: C:\Users\TURNTABL\Documents\dev\scala\scriptUnix.scala
2020.11.02 15:16:04 WARN  no build target for: C:\Users\TURNTABL\Documents\dev\scala\scriptUnix.scala
2020.11.02 15:16:11 WARN  no build target for: C:\Users\TURNTABL\Documents\dev\scala\scriptUnix.scala
2020.11.02 15:16:18 WARN  no build target for: C:\Users\TURNTABL\Documents\dev\scala\scriptUnix.scala
2020.11.02 15:16:23 WARN  no build target for: C:\Users\TURNTABL\Documents\dev\scala\scriptUnix.scala
2020.11.02 15:16:53 WARN  no build target for: C:\Users\TURNTABL\Documents\dev\scala\scriptWin.scala
2020.11.02 15:22:40 INFO  
2020.11.02 15:22:40 INFO  Template applied in C:\Users\TURNTABL\Documents\dev\.\hello-world
2020.11.02 15:22:40 INFO  
2020.11.02 15:22:40 INFO  build tool exit: 0
2020.11.02 15:22:40 INFO  time: ran 'giter8.Giter8' in 26s
2020.11.02 15:24:08 INFO  shutting down Metals
